\BOOKMARK [1][-]{section*.1}{Abstract}{}% 1
\BOOKMARK [1][-]{chapter*.2}{Acknowledgements}{}% 2
\BOOKMARK [1][-]{chapter*.3}{Table of Contents}{}% 3
\BOOKMARK [1][-]{chapter*.3}{List of Figures}{}% 4
\BOOKMARK [1][-]{chapter*.4}{List of Tables}{}% 5
\BOOKMARK [1][-]{chapter*.6}{Preface}{}% 6
\BOOKMARK [0][-]{chapter.1}{Introduction}{}% 7
\BOOKMARK [0][-]{chapter.2}{Background}{}% 8
\BOOKMARK [1][-]{section.2.1}{A Century of Suburbanization}{chapter.2}% 9
\BOOKMARK [1][-]{section.2.2}{The Changing Social Geography of Cities}{chapter.2}% 10
\BOOKMARK [1][-]{section.2.3}{Neighbourhood Effects \046 Daily Activity Behaviour}{chapter.2}% 11
\BOOKMARK [1][-]{section.2.4}{Transportation Planning \046 Demographic Change}{chapter.2}% 12
\BOOKMARK [0][-]{chapter.3}{Suburbanization of Transport Poverty}{}% 13
\BOOKMARK [1][-]{section.3.1}{Introduction}{chapter.3}% 14
\BOOKMARK [1][-]{section.3.2}{Background}{chapter.3}% 15
\BOOKMARK [1][-]{section.3.3}{Study Area and Data}{chapter.3}% 16
\BOOKMARK [2][-]{subsection.3.3.1}{Data Sources}{section.3.3}% 17
\BOOKMARK [2][-]{subsection.3.3.2}{Measuring Social Disadvantage}{section.3.3}% 18
\BOOKMARK [2][-]{subsection.3.3.3}{Measuring Transport Disadvantage}{section.3.3}% 19
\BOOKMARK [1][-]{section.3.4}{Analysis and Results}{chapter.3}% 20
\BOOKMARK [2][-]{subsection.3.4.1}{Spatio-temporal Analysis}{section.3.4}% 21
\BOOKMARK [2][-]{subsection.3.4.2}{Suburbanization of Transport Poverty}{section.3.4}% 22
\BOOKMARK [1][-]{section.3.5}{Conclusions}{chapter.3}% 23
\BOOKMARK [1][-]{section*.20}{Appendix}{chapter.3}% 24
\BOOKMARK [2][-]{section*.21}{Selection of distance decay parameters for measuring accessibility}{section*.20}% 25
\BOOKMARK [0][-]{chapter.4}{Conclusion}{}% 26
\BOOKMARK [0][-]{chapter*.24}{References}{}% 27
