This is pdfTeX, Version 3.14159265-2.6-1.40.20 (TeX Live 2019/Debian) (preloaded format=pdflatex 2020.12.21)  28 APR 2022 15:01
entering extended mode
 restricted \write18 enabled.
 %&-line parsing enabled.
**dissertation.tex
(./dissertation.tex
LaTeX2e <2020-02-02> patch level 2
L3 programming layer <2020-02-14>
(/usr/share/texlive/texmf-dist/tex/latex/base/report.cls
Document Class: report 2019/12/20 v1.4l Standard LaTeX document class
(/usr/share/texlive/texmf-dist/tex/latex/base/size11.clo
File: size11.clo 2019/12/20 v1.4l Standard LaTeX file (size option)
)
\c@part=\count167
\c@chapter=\count168
\c@section=\count169
\c@subsection=\count170
\c@subsubsection=\count171
\c@paragraph=\count172
\c@subparagraph=\count173
\c@figure=\count174
\c@table=\count175
\abovecaptionskip=\skip47
\belowcaptionskip=\skip48
\bibindent=\dimen134
)
(/usr/share/texlive/texmf-dist/tex/latex/geometry/geometry.sty
Package: geometry 2020/01/02 v5.9 Page Geometry

(/usr/share/texlive/texmf-dist/tex/latex/graphics/keyval.sty
Package: keyval 2014/10/28 v1.15 key=value parser (DPC)
\KV@toks@=\toks14
)
(/usr/share/texlive/texmf-dist/tex/generic/iftex/ifvtex.sty
Package: ifvtex 2019/10/25 v1.7 ifvtex legacy package. Use iftex instead.

(/usr/share/texlive/texmf-dist/tex/generic/iftex/iftex.sty
Package: iftex 2019/11/07 v1.0c TeX engine tests
))
\Gm@cnth=\count176
\Gm@cntv=\count177
\c@Gm@tempcnt=\count178
\Gm@bindingoffset=\dimen135
\Gm@wd@mp=\dimen136
\Gm@odd@mp=\dimen137
\Gm@even@mp=\dimen138
\Gm@layoutwidth=\dimen139
\Gm@layoutheight=\dimen140
\Gm@layouthoffset=\dimen141
\Gm@layoutvoffset=\dimen142
\Gm@dimlist=\toks15
)
(/usr/share/texlive/texmf-dist/tex/latex/setspace/setspace.sty
Package: setspace 2011/12/19 v6.7a set line spacing
)
(/usr/share/texlive/texmf-dist/tex/latex/enumitem/enumitem.sty
Package: enumitem 2019/06/20 v3.9 Customized lists
\labelindent=\skip49
\enit@outerparindent=\dimen143
\enit@toks=\toks16
\enit@inbox=\box45
\enit@count@id=\count179
\enitdp@description=\count180
)
(/usr/share/texlive/texmf-dist/tex/latex/csquotes/csquotes.sty
Package: csquotes 2019-12-06 v5.2j context-sensitive quotations (JAW)

(/usr/share/texlive/texmf-dist/tex/latex/etoolbox/etoolbox.sty
Package: etoolbox 2019/09/21 v2.5h e-TeX tools for LaTeX (JAW)
\etb@tempcnta=\count181
)
\csq@reset=\count182
\csq@gtype=\count183
\csq@glevel=\count184
\csq@qlevel=\count185
\csq@maxlvl=\count186
\csq@tshold=\count187
\csq@ltx@everypar=\toks17

(/usr/share/texlive/texmf-dist/tex/latex/csquotes/csquotes.def
File: csquotes.def 2019-12-06 v5.2j csquotes generic definitions (JAW)
)
Package csquotes Info: Trying to load configuration file 'csquotes.cfg'...
Package csquotes Info: ... configuration file loaded successfully.

(/usr/share/texlive/texmf-dist/tex/latex/csquotes/csquotes.cfg
File: csquotes.cfg 
))
(/usr/share/texlive/texmf-dist/tex/latex/amsmath/amsmath.sty
Package: amsmath 2020/01/20 v2.17e AMS math features
\@mathmargin=\skip50

For additional information on amsmath, use the `?' option.
(/usr/share/texlive/texmf-dist/tex/latex/amsmath/amstext.sty
Package: amstext 2000/06/29 v2.01 AMS text

(/usr/share/texlive/texmf-dist/tex/latex/amsmath/amsgen.sty
File: amsgen.sty 1999/11/30 v2.0 generic functions
\@emptytoks=\toks18
\ex@=\dimen144
))
(/usr/share/texlive/texmf-dist/tex/latex/amsmath/amsbsy.sty
Package: amsbsy 1999/11/29 v1.2d Bold Symbols
\pmbraise@=\dimen145
)
(/usr/share/texlive/texmf-dist/tex/latex/amsmath/amsopn.sty
Package: amsopn 2016/03/08 v2.02 operator names
)
\inf@bad=\count188
LaTeX Info: Redefining \frac on input line 227.
\uproot@=\count189
\leftroot@=\count190
LaTeX Info: Redefining \overline on input line 389.
\classnum@=\count191
\DOTSCASE@=\count192
LaTeX Info: Redefining \ldots on input line 486.
LaTeX Info: Redefining \dots on input line 489.
LaTeX Info: Redefining \cdots on input line 610.
\Mathstrutbox@=\box46
\strutbox@=\box47
\big@size=\dimen146
LaTeX Font Info:    Redeclaring font encoding OML on input line 733.
LaTeX Font Info:    Redeclaring font encoding OMS on input line 734.
\macc@depth=\count193
\c@MaxMatrixCols=\count194
\dotsspace@=\muskip16
\c@parentequation=\count195
\dspbrk@lvl=\count196
\tag@help=\toks19
\row@=\count197
\column@=\count198
\maxfields@=\count199
\andhelp@=\toks20
\eqnshift@=\dimen147
\alignsep@=\dimen148
\tagshift@=\dimen149
\tagwidth@=\dimen150
\totwidth@=\dimen151
\lineht@=\dimen152
\@envbody=\toks21
\multlinegap=\skip51
\multlinetaggap=\skip52
\mathdisplay@stack=\toks22
LaTeX Info: Redefining \[ on input line 2859.
LaTeX Info: Redefining \] on input line 2860.
)
(/usr/share/texlive/texmf-dist/tex/latex/float/float.sty
Package: float 2001/11/08 v1.3d Float enhancements (AL)
\c@float@type=\count266
\float@exts=\toks23
\float@box=\box48
\@float@everytoks=\toks24
\@floatcapt=\box49
)
(/usr/share/texlive/texmf-dist/tex/latex/colortbl/colortbl.sty
Package: colortbl 2020/01/04 v1.0e Color table columns (DPC)

(/usr/share/texlive/texmf-dist/tex/latex/tools/array.sty
Package: array 2019/08/31 v2.4l Tabular extension package (FMi)
\col@sep=\dimen153
\ar@mcellbox=\box50
\extrarowheight=\dimen154
\NC@list=\toks25
\extratabsurround=\skip53
\backup@length=\skip54
\ar@cellbox=\box51
)
(/usr/share/texlive/texmf-dist/tex/latex/graphics/color.sty
Package: color 2019/11/23 v1.2a Standard LaTeX Color (DPC)

(/usr/share/texlive/texmf-dist/tex/latex/graphics-cfg/color.cfg
File: color.cfg 2016/01/02 v1.6 sample color configuration
)
Package color Info: Driver file: pdftex.def on input line 147.

(/usr/share/texlive/texmf-dist/tex/latex/graphics-def/pdftex.def
File: pdftex.def 2018/01/08 v1.0l Graphics/color driver for pdftex
))
\everycr=\toks26
\minrowclearance=\skip55
)
(/usr/share/texlive/texmf-dist/tex/latex/url/url.sty
\Urlmuskip=\muskip17
Package: url 2013/09/16  ver 3.4  Verb mode for urls, etc.
)
(/usr/share/texlive/texmf-dist/tex/latex/preprint/authblk.sty
Package: authblk 2001/02/27 1.3 (PWD)
\affilsep=\skip56
\@affilsep=\skip57
\c@Maxaffil=\count267
\c@authors=\count268
\c@affil=\count269
)
(/usr/share/texlive/texmf-dist/tex/latex/adjustbox/adjustbox.sty
Package: adjustbox 2019/01/04 v1.2 Adjusting TeX boxes (trim, clip, ...)

(/usr/share/texlive/texmf-dist/tex/latex/xkeyval/xkeyval.sty
Package: xkeyval 2014/12/03 v2.7a package option processing (HA)

(/usr/share/texlive/texmf-dist/tex/generic/xkeyval/xkeyval.tex
(/usr/share/texlive/texmf-dist/tex/generic/xkeyval/xkvutils.tex
\XKV@toks=\toks27
\XKV@tempa@toks=\toks28
)
\XKV@depth=\count270
File: xkeyval.tex 2014/12/03 v2.7a key=value parser (HA)
))
(/usr/share/texlive/texmf-dist/tex/latex/adjustbox/adjcalc.sty
Package: adjcalc 2012/05/16 v1.1 Provides advanced setlength with multiple back
-ends (calc, etex, pgfmath)
)
(/usr/share/texlive/texmf-dist/tex/latex/adjustbox/trimclip.sty
Package: trimclip 2018/04/08 v1.1 Trim and clip general TeX material

(/usr/share/texlive/texmf-dist/tex/latex/graphics/graphicx.sty
Package: graphicx 2019/11/30 v1.2a Enhanced LaTeX Graphics (DPC,SPQR)

(/usr/share/texlive/texmf-dist/tex/latex/graphics/graphics.sty
Package: graphics 2019/11/30 v1.4a Standard LaTeX Graphics (DPC,SPQR)

(/usr/share/texlive/texmf-dist/tex/latex/graphics/trig.sty
Package: trig 2016/01/03 v1.10 sin cos tan (DPC)
)
(/usr/share/texlive/texmf-dist/tex/latex/graphics-cfg/graphics.cfg
File: graphics.cfg 2016/06/04 v1.11 sample graphics configuration
)
Package graphics Info: Driver file: pdftex.def on input line 105.
)
\Gin@req@height=\dimen155
\Gin@req@width=\dimen156
)
(/usr/share/texlive/texmf-dist/tex/latex/collectbox/collectbox.sty
Package: collectbox 2012/05/17 v0.4b Collect macro arguments as boxes
\collectedbox=\box52
)
\tc@llx=\dimen157
\tc@lly=\dimen158
\tc@urx=\dimen159
\tc@ury=\dimen160
Package trimclip Info: Using driver 'tc-pdftex.def'.

(/usr/share/texlive/texmf-dist/tex/latex/adjustbox/tc-pdftex.def
File: tc-pdftex.def 2019/01/04 v2.2 Clipping driver for pdftex
))
\adjbox@Width=\dimen161
\adjbox@Height=\dimen162
\adjbox@Depth=\dimen163
\adjbox@Totalheight=\dimen164
\adjbox@pwidth=\dimen165
\adjbox@pheight=\dimen166
\adjbox@pdepth=\dimen167
\adjbox@ptotalheight=\dimen168

(/usr/share/texlive/texmf-dist/tex/latex/ifoddpage/ifoddpage.sty
Package: ifoddpage 2016/04/23 v1.1 Conditionals for odd/even page detection
\c@checkoddpage=\count271
)
(/usr/share/texlive/texmf-dist/tex/latex/varwidth/varwidth.sty
Package: varwidth 2009/03/30 ver 0.92;  Variable-width minipages
\@vwid@box=\box53
\sift@deathcycles=\count272
\@vwid@loff=\dimen169
\@vwid@roff=\dimen170
))
(/usr/share/texlive/texmf-dist/tex/latex/fancyhdr/fancyhdr.sty
Package: fancyhdr 2019/01/31 v3.10 Extensive control of page headers and footer
s
\f@nch@headwidth=\skip58
\f@nch@O@elh=\skip59
\f@nch@O@erh=\skip60
\f@nch@O@olh=\skip61
\f@nch@O@orh=\skip62
\f@nch@O@elf=\skip63
\f@nch@O@erf=\skip64
\f@nch@O@olf=\skip65
\f@nch@O@orf=\skip66
)
(/usr/share/texlive/texmf-dist/tex/latex/svg/svg.sty
Package: svg 2020/01/13 v2.02e (include SVG pictures)

(/usr/share/texlive/texmf-dist/tex/latex/koma-script/scrbase.sty
Package: scrbase 2020/01/24 v3.29 KOMA-Script package (KOMA-Script-independent 
basics and keyval usage)

(/usr/share/texlive/texmf-dist/tex/latex/koma-script/scrlfile.sty
Package: scrlfile 2020/01/24 v3.29 KOMA-Script package (loading files)
))
(/usr/share/texlive/texmf-dist/tex/latex/pdftexcmds/pdftexcmds.sty
Package: pdftexcmds 2019/11/24 v0.31 Utility functions of pdfTeX for LuaTeX (HO
)

(/usr/share/texlive/texmf-dist/tex/generic/infwarerr/infwarerr.sty
Package: infwarerr 2019/12/03 v1.5 Providing info/warning/error messages (HO)
)
(/usr/share/texlive/texmf-dist/tex/generic/ltxcmds/ltxcmds.sty
Package: ltxcmds 2019/12/15 v1.24 LaTeX kernel commands for general use (HO)
)
Package pdftexcmds Info: \pdf@primitive is available.
Package pdftexcmds Info: \pdf@ifprimitive is available.
Package pdftexcmds Info: \pdfdraftmode found.
)
(/usr/share/texlive/texmf-dist/tex/latex/tools/shellesc.sty
Package: shellesc 2019/11/08 v1.0c unified shell escape interface for LaTeX
Package shellesc Info: Restricted shell escape enabled on input line 77.
)
(/usr/share/texlive/texmf-dist/tex/latex/trimspaces/trimspaces.sty
Package: trimspaces 2009/09/17 v1.1 Trim spaces around a token list
)
\svg@box=\box54
\c@svg@param@lastpage=\count273
\c@svg@param@currpage=\count274
)
(/usr/share/texlive/texmf-dist/tex/latex/xcolor/xcolor.sty
Package: xcolor 2016/05/11 v2.12 LaTeX color extensions (UK)

(/usr/share/texlive/texmf-dist/tex/latex/graphics-cfg/color.cfg
File: color.cfg 2016/01/02 v1.6 sample color configuration
)
Package xcolor Info: Driver file: pdftex.def on input line 225.
LaTeX Info: Redefining \color on input line 709.
Package xcolor Info: Model `cmy' substituted by `cmy0' on input line 1348.
Package xcolor Info: Model `hsb' substituted by `rgb' on input line 1352.
Package xcolor Info: Model `RGB' extended on input line 1364.
Package xcolor Info: Model `HTML' substituted by `rgb' on input line 1366.
Package xcolor Info: Model `Hsb' substituted by `hsb' on input line 1367.
Package xcolor Info: Model `tHsb' substituted by `hsb' on input line 1368.
Package xcolor Info: Model `HSB' substituted by `hsb' on input line 1369.
Package xcolor Info: Model `Gray' substituted by `gray' on input line 1370.
Package xcolor Info: Model `wave' substituted by `hsb' on input line 1371.
)
(/usr/share/texlive/texmf-dist/tex/latex/transparent/transparent.sty
Package: transparent 2019/11/29 v1.4 Transparency via pdfTeX's color stack (HO)


(/usr/share/texlive/texmf-dist/tex/latex/auxhook/auxhook.sty
Package: auxhook 2019-12-17 v1.6 Hooks for auxiliary files (HO)
))
(/usr/share/texlive/texmf-dist/tex/latex/multirow/multirow.sty
Package: multirow 2019/05/31 v2.5 Span multiple rows of a table
\multirow@colwidth=\skip67
\multirow@cntb=\count275
\multirow@dima=\skip68
\bigstrutjot=\dimen171
)
(/usr/share/texlive/texmf-dist/tex/latex/changepage/chngpage.sty
Package: chngpage 2009/10/20 v1.2b change page layout
\c@cp@cnt=\count276
\c@cp@tempcnt=\count277
LaTeX Info: Redefining \checkoddpage on input line 48.
)
(/usr/share/texlive/texmf-dist/tex/latex/caption/caption.sty
Package: caption 2020/01/03 v3.4h Customizing captions (AR)

(/usr/share/texlive/texmf-dist/tex/latex/caption/caption3.sty
Package: caption3 2020/01/03 v1.8h caption3 kernel (AR)
Package caption3 Info: TeX engine: e-TeX on input line 61.
\captionmargin=\dimen172
\captionmargin@=\dimen173
\captionwidth=\dimen174
\caption@tempdima=\dimen175
\caption@indent=\dimen176
\caption@parindent=\dimen177
\caption@hangindent=\dimen178
Package caption Info: Standard document class detected.
)
\c@caption@flags=\count278
\c@continuedfloat=\count279
Package caption Info: float package is loaded.
)
(/usr/share/texlive/texmf-dist/tex/latex/psnfss/mathpazo.sty
Package: mathpazo 2005/04/12 PSNFSS-v9.2a Palatino w/ Pazo Math (D.Puga, WaS) 
\symupright=\mathgroup4
)
(/usr/share/texlive/texmf-dist/tex/latex/hyperref/hyperref.sty
Package: hyperref 2020/01/14 v7.00d Hypertext links for LaTeX

(/usr/share/texlive/texmf-dist/tex/generic/kvsetkeys/kvsetkeys.sty
Package: kvsetkeys 2019/12/15 v1.18 Key value parser (HO)
)
(/usr/share/texlive/texmf-dist/tex/generic/kvdefinekeys/kvdefinekeys.sty
Package: kvdefinekeys 2019-12-19 v1.6 Define keys (HO)
)
(/usr/share/texlive/texmf-dist/tex/generic/pdfescape/pdfescape.sty
Package: pdfescape 2019/12/09 v1.15 Implements pdfTeX's escape features (HO)
)
(/usr/share/texlive/texmf-dist/tex/latex/hycolor/hycolor.sty
Package: hycolor 2020-01-27 v1.10 Color options for hyperref/bookmark (HO)
)
(/usr/share/texlive/texmf-dist/tex/latex/letltxmacro/letltxmacro.sty
Package: letltxmacro 2019/12/03 v1.6 Let assignment for LaTeX macros (HO)
)
(/usr/share/texlive/texmf-dist/tex/latex/kvoptions/kvoptions.sty
Package: kvoptions 2019/11/29 v3.13 Key value format for package options (HO)
)
\@linkdim=\dimen179
\Hy@linkcounter=\count280
\Hy@pagecounter=\count281

(/usr/share/texlive/texmf-dist/tex/latex/hyperref/pd1enc.def
File: pd1enc.def 2020/01/14 v7.00d Hyperref: PDFDocEncoding definition (HO)
Now handling font encoding PD1 ...
... no UTF-8 mapping file for font encoding PD1
)
(/usr/share/texlive/texmf-dist/tex/generic/intcalc/intcalc.sty
Package: intcalc 2019/12/15 v1.3 Expandable calculations with integers (HO)
)
(/usr/share/texlive/texmf-dist/tex/generic/etexcmds/etexcmds.sty
Package: etexcmds 2019/12/15 v1.7 Avoid name clashes with e-TeX commands (HO)
)
\Hy@SavedSpaceFactor=\count282
\pdfmajorversion=\count283
Package hyperref Info: Hyper figures OFF on input line 4547.
Package hyperref Info: Link nesting OFF on input line 4552.
Package hyperref Info: Hyper index ON on input line 4555.
Package hyperref Info: Plain pages OFF on input line 4562.
Package hyperref Info: Backreferencing OFF on input line 4567.
Package hyperref Info: Implicit mode ON; LaTeX internals redefined.
Package hyperref Info: Bookmarks ON on input line 4800.
\c@Hy@tempcnt=\count284
LaTeX Info: Redefining \url on input line 5159.
\XeTeXLinkMargin=\dimen180

(/usr/share/texlive/texmf-dist/tex/generic/bitset/bitset.sty
Package: bitset 2019/12/09 v1.3 Handle bit-vector datatype (HO)

(/usr/share/texlive/texmf-dist/tex/generic/bigintcalc/bigintcalc.sty
Package: bigintcalc 2019/12/15 v1.5 Expandable calculations on big integers (HO
)
))
\Fld@menulength=\count285
\Field@Width=\dimen181
\Fld@charsize=\dimen182
Package hyperref Info: Hyper figures OFF on input line 6430.
Package hyperref Info: Link nesting OFF on input line 6435.
Package hyperref Info: Hyper index ON on input line 6438.
Package hyperref Info: backreferencing OFF on input line 6445.
Package hyperref Info: Link coloring OFF on input line 6450.
Package hyperref Info: Link coloring with OCG OFF on input line 6455.
Package hyperref Info: PDF/A mode OFF on input line 6460.
LaTeX Info: Redefining \ref on input line 6500.
LaTeX Info: Redefining \pageref on input line 6504.

(/usr/share/texlive/texmf-dist/tex/generic/atbegshi/atbegshi.sty
Package: atbegshi 2019/12/05 v1.19 At begin shipout hook (HO)
)
\Hy@abspage=\count286
\c@Item=\count287
\c@Hfootnote=\count288
)
Package hyperref Info: Driver (autodetected): hpdftex.

(/usr/share/texlive/texmf-dist/tex/latex/hyperref/hpdftex.def
File: hpdftex.def 2020/01/14 v7.00d Hyperref driver for pdfTeX

(/usr/share/texlive/texmf-dist/tex/latex/atveryend/atveryend.sty
Package: atveryend 2019-12-11 v1.11 Hooks at the very end of document (HO)
)
\Fld@listcount=\count289
\c@bookmark@seq@number=\count290

(/usr/share/texlive/texmf-dist/tex/latex/rerunfilecheck/rerunfilecheck.sty
Package: rerunfilecheck 2019/12/05 v1.9 Rerun checks for auxiliary files (HO)

(/usr/share/texlive/texmf-dist/tex/generic/uniquecounter/uniquecounter.sty
Package: uniquecounter 2019/12/15 v1.4 Provide unlimited unique counter (HO)
)
Package uniquecounter Info: New unique counter `rerunfilecheck' on input line 2
86.
)
\Hy@SectionHShift=\skip69
)
Package hyperref Info: Option `colorlinks' set `true' on input line 33.

(/usr/share/texmf/tex/latex/local/apacite/apacite.sty
Package: apacite 2013/07/21 v6.03 APA citation
\c@BibCnt=\count291
\bibleftmargin=\skip70
\bibindent=\skip71
\bibparsep=\skip72
\bibitemsep=\skip73
\biblabelsep=\skip74
)
Package csquotes Info: Checking for multilingual support...
Package csquotes Info: ... none found.

(/usr/share/texlive/texmf-dist/tex/latex/l3backend/l3backend-pdfmode.def
File: l3backend-pdfmode.def 2020-02-03 L3 backend support: PDF mode
\l__kernel_color_stack_int=\count292
\l__pdf_internal_box=\box55
)
(./dissertation.aux)
\openout1 = `dissertation.aux'.

LaTeX Font Info:    Checking defaults for OML/cmm/m/it on input line 41.
LaTeX Font Info:    ... okay on input line 41.
LaTeX Font Info:    Checking defaults for OMS/cmsy/m/n on input line 41.
LaTeX Font Info:    ... okay on input line 41.
LaTeX Font Info:    Checking defaults for OT1/cmr/m/n on input line 41.
LaTeX Font Info:    ... okay on input line 41.
LaTeX Font Info:    Checking defaults for T1/cmr/m/n on input line 41.
LaTeX Font Info:    ... okay on input line 41.
LaTeX Font Info:    Checking defaults for TS1/cmr/m/n on input line 41.
LaTeX Font Info:    ... okay on input line 41.
LaTeX Font Info:    Checking defaults for OMX/cmex/m/n on input line 41.
LaTeX Font Info:    ... okay on input line 41.
LaTeX Font Info:    Checking defaults for U/cmr/m/n on input line 41.
LaTeX Font Info:    ... okay on input line 41.
LaTeX Font Info:    Checking defaults for PD1/pdf/m/n on input line 41.
LaTeX Font Info:    ... okay on input line 41.
LaTeX Font Info:    Trying to load font information for OT1+pplx on input line 
41.
 (/usr/share/texlive/texmf-dist/tex/latex/psnfss/ot1pplx.fd
File: ot1pplx.fd 2004/09/06 font definitions for OT1/pplx.
)
*geometry* driver: auto-detecting
*geometry* detected driver: pdftex
*geometry* verbose mode - [ preamble ] result:
* driver: pdftex
* paper: letterpaper
* layout: <same size as paper>
* layoutoffset:(h,v)=(0.0pt,0.0pt)
* modes: 
* h-part:(L,W,R)=(90.3375pt, 433.62001pt, 90.3375pt)
* v-part:(T,H,B)=(90.3375pt, 614.295pt, 90.3375pt)
* \paperwidth=614.295pt
* \paperheight=794.96999pt
* \textwidth=433.62001pt
* \textheight=614.295pt
* \oddsidemargin=18.0675pt
* \evensidemargin=18.0675pt
* \topmargin=-18.9325pt
* \headheight=12.0pt
* \headsep=25.0pt
* \topskip=11.0pt
* \footskip=30.0pt
* \marginparwidth=59.0pt
* \marginparsep=10.0pt
* \columnsep=10.0pt
* \skip\footins=10.0pt plus 4.0pt minus 2.0pt
* \hoffset=0.0pt
* \voffset=0.0pt
* \mag=1000
* \@twocolumnfalse
* \@twosidefalse
* \@mparswitchfalse
* \@reversemarginfalse
* (1in=72.27pt=25.4mm, 1cm=28.453pt)

(/usr/share/texlive/texmf-dist/tex/context/base/mkii/supp-pdf.mkii
[Loading MPS to PDF converter (version 2006.09.02).]
\scratchcounter=\count293
\scratchdimen=\dimen183
\scratchbox=\box56
\nofMPsegments=\count294
\nofMParguments=\count295
\everyMPshowfont=\toks29
\MPscratchCnt=\count296
\MPscratchDim=\dimen184
\MPnumerator=\count297
\makeMPintoPDFobject=\count298
\everyMPtoPDFconversion=\toks30
) (/usr/share/texlive/texmf-dist/tex/latex/epstopdf-pkg/epstopdf-base.sty
Package: epstopdf-base 2020-01-24 v2.11 Base part for package epstopdf
Package epstopdf-base Info: Redefining graphics rule for `.eps' on input line 4
85.

(/usr/share/texlive/texmf-dist/tex/latex/latexconfig/epstopdf-sys.cfg
File: epstopdf-sys.cfg 2010/07/13 v1.3 Configuration of (r)epstopdf for TeX Liv
e
))
Package caption Info: Begin \AtBeginDocument code.
Package caption Info: hyperref package is loaded.
Package caption Info: End \AtBeginDocument code.
\AtBeginShipoutBox=\box57
Package hyperref Info: Link coloring ON on input line 41.

(/usr/share/texlive/texmf-dist/tex/latex/hyperref/nameref.sty
Package: nameref 2019/09/16 v2.46 Cross-referencing by name of section

(/usr/share/texlive/texmf-dist/tex/latex/refcount/refcount.sty
Package: refcount 2019/12/15 v3.6 Data extraction from label references (HO)
)
(/usr/share/texlive/texmf-dist/tex/generic/gettitlestring/gettitlestring.sty
Package: gettitlestring 2019/12/15 v1.6 Cleanup title references (HO)
)
\c@section@level=\count299
)
LaTeX Info: Redefining \ref on input line 41.
LaTeX Info: Redefining \pageref on input line 41.
LaTeX Info: Redefining \nameref on input line 41.

(./dissertation.out) (./dissertation.out)
\@outlinefile=\write3
\openout3 = `dissertation.out'.

\c@maskedRefs=\count300

(/usr/share/texmf/tex/latex/local/apacite/english.apc
File: english.apc 2013/07/21 v6.03 apacite language file
LaTeX Info: Redefining \BPBI on input line 129.
LaTeX Info: Redefining \BHBI on input line 130.
)
LaTeX Font Info:    Trying to load font information for TS1+pplx on input line 
61.

(/usr/share/texlive/texmf-dist/tex/latex/psnfss/ts1pplx.fd
File: ts1pplx.fd 2004/09/06 font definitions for TS1/pplx.
) [1

{/var/lib/texmf/fonts/map/pdftex/updmap/pdftex.map}] [2] [3

] (./dissertation.toc
LaTeX Font Info:    Trying to load font information for OML+zplm on input line 
1.

(/usr/share/texlive/texmf-dist/tex/latex/psnfss/omlzplm.fd
File: omlzplm.fd 2002/09/08 Fontinst v1.914 font definitions for OML/zplm.
)
LaTeX Font Info:    Trying to load font information for OMS+zplm on input line 
1.

(/usr/share/texlive/texmf-dist/tex/latex/psnfss/omszplm.fd
File: omszplm.fd 2002/09/08 Fontinst v1.914 font definitions for OMS/zplm.
)
LaTeX Font Info:    Trying to load font information for OMX+zplm on input line 
1.

(/usr/share/texlive/texmf-dist/tex/latex/psnfss/omxzplm.fd
File: omxzplm.fd 2002/09/08 Fontinst v1.914 font definitions for OMX/zplm.
)
LaTeX Font Info:    Trying to load font information for OT1+zplm on input line 
1.

(/usr/share/texlive/texmf-dist/tex/latex/psnfss/ot1zplm.fd
File: ot1zplm.fd 2002/09/08 Fontinst v1.914 font definitions for OT1/zplm.
) [4

] [5])
\tf@toc=\write4
\openout4 = `dissertation.toc'.

 [6]
(./dissertation.lof [7

])
\tf@lof=\write5
\openout5 = `dissertation.lof'.

 [8] (./dissertation.lot [9

])
\tf@lot=\write6
\openout6 = `dissertation.lot'.



Package hyperref Warning: Option `colorlinks' has already been used,
(hyperref)                setting the option has no effect on input line 149.

[10] [11

]
Chapter 1.
(./chapters/1_intro.tex
Overfull \hbox (3.67484pt too wide) in paragraph at lines 2--3
\OT1/pplx/m/n/10.95 Cities are dy-namic. They ex-pe-ri-ence daily, weekly, and 
yearly rhythms of hu-man activity---
 []

pdfTeX warning (ext4): destination with the same identifier (name{page.1}) has 
been already used, duplicate ignored
<to be read again> 
                   \relax 
l.7 
     [1

] [2] [3] [4] [5]) [6]
Chapter 2.
(./chapters/2_background.tex [7

] [8] [9] [10] [11] [12] [13] [14] [15] [16]
[17] [18] [19] [20] [21] [22] [23] [24]
<figures/tpov.png, id=1012, 256.0767pt x 312.9291pt>
File: figures/tpov.png Graphic file (type png)
<use figures/tpov.png>
Package pdftex.def Info: figures/tpov.png  used on input line 124.
(pdftex.def)             Requested size: 216.81pt x 264.95482pt.


LaTeX Warning: `h' float specifier changed to `ht'.

[25] [26 <./figures/tpov.png>] [27] [28] [29] [30]) [31]
Chapter 3.
(./chapters/3_subtrapov.tex [32

] [33] [34] [35] [36] [37] [38] [39] [40]
[41]
<figures/Fig1.png, id=1435, 252.945pt x 144.54pt>
File: figures/Fig1.png Graphic file (type png)
<use figures/Fig1.png>
Package pdftex.def Info: figures/Fig1.png  used on input line 206.
(pdftex.def)             Requested size: 252.94499pt x 144.54182pt.
 [42 <./figures/Fig1.png>] [43] [44] [45] [46]
<figures/Fig2.png, id=1522, 469.755pt x 650.43pt>
File: figures/Fig2.png Graphic file (type png)
<use figures/Fig2.png>
Package pdftex.def Info: figures/Fig2.png  used on input line 313.
(pdftex.def)             Requested size: 469.75499pt x 650.4284pt.

Overfull \hbox (14.48956pt too wide) in paragraph at lines 312--314
 []|  [] 
 []

[47]
Overfull \vbox (58.87964pt too high) has occurred while \output is active []


[48 <./figures/Fig2.png>] [49]
<figures/Fig3.png, id=1567, 325.215pt x 162.6075pt>
File: figures/Fig3.png Graphic file (type png)
<use figures/Fig3.png>
Package pdftex.def Info: figures/Fig3.png  used on input line 334.
(pdftex.def)             Requested size: 325.215pt x 162.6195pt.
 [50 <./figures/Fig3.png>] [51]
<figures/Fig4_sub_plot_4.png, id=1612, 469.755pt x 325.215pt>
File: figures/Fig4_sub_plot_4.png Graphic file (type png)
<use figures/Fig4_sub_plot_4.png>
Package pdftex.def Info: figures/Fig4_sub_plot_4.png  used on input line 397.
(pdftex.def)             Requested size: 469.75499pt x 325.2142pt.

Overfull \hbox (14.48956pt too wide) in paragraph at lines 396--398
 []|  [] 
 []

[52] [53 <./figures/Fig4_sub_plot_4.png>] [54]
<figures/Fig5_tp_time.png, id=1642, 469.755pt x 252.945pt>
File: figures/Fig5_tp_time.png Graphic file (type png)
<use figures/Fig5_tp_time.png>
Package pdftex.def Info: figures/Fig5_tp_time.png  used on input line 423.
(pdftex.def)             Requested size: 469.75499pt x 252.94438pt.

Overfull \hbox (14.48956pt too wide) in paragraph at lines 422--424
 []|  [] 
 []

[55 <./figures/Fig5_tp_time.png>] [56] [57] [58]

LaTeX Warning: `h' float specifier changed to `ht'.

[59]) [60]
Chapter 4.
(./chapters/4_pathsubpov.tex [61

]
Overfull \hbox (3.36084pt too wide) in paragraph at lines 20--21
\OT1/pplx/m/n/10.95 poverty rates, and show-ing how poverty is in-creas-ing in 
some sub-ur-ban ar-eas [][][]Hulchanski[][],
 []

[62] [63] [64] [65] [66] [67] [68] [69]
<figures/pathways.png, id=1965, 252.945pt x 144.54pt>
File: figures/pathways.png Graphic file (type png)
<use figures/pathways.png>
Package pdftex.def Info: figures/pathways.png  used on input line 121.
(pdftex.def)             Requested size: 216.81pt x 123.89394pt.
 [70 <./figures/pathways.png>] [71]
[72] [73] [74] [75] [76] [77]
<figures/cluster_by_city.png, id=2158, 469.755pt x 180.675pt>
File: figures/cluster_by_city.png Graphic file (type png)
<use figures/cluster_by_city.png>
Package pdftex.def Info: figures/cluster_by_city.png  used on input line 283.
(pdftex.def)             Requested size: 361.34999pt x 138.97957pt.
 [78]
<figures/E_subpov4.png, id=2167, 542.025pt x 542.025pt>
File: figures/E_subpov4.png Graphic file (type png)
<use figures/E_subpov4.png>
Package pdftex.def Info: figures/E_subpov4.png  used on input line 314.
(pdftex.def)             Requested size: 469.75499pt x 469.77148pt.

Overfull \hbox (36.13498pt too wide) in paragraph at lines 314--315
 [][] 
 []

[79 <./figures/cluster_by_city.png>] [80 <./figures/E_subpov4.png>] [81]
<figures/transitions_by_year.png, id=2193, 469.755pt x 469.755pt>
File: figures/transitions_by_year.png Graphic file (type png)
<use figures/transitions_by_year.png>
Package pdftex.def Info: figures/transitions_by_year.png  used on input line 37
1.
(pdftex.def)             Requested size: 354.12256pt x 354.12169pt.

[82] [83 <./figures/transitions_by_year.png>]
Overfull \hbox (12.87672pt too wide) in paragraph at lines 416--416
[]|\OT1/pplx/m/n/10 Vancouver| 
 []


Overfull \hbox (12.72675pt too wide) in paragraph at lines 416--416
[]|\OT1/pplx/m/n/10 Edmonton| 
 []


Overfull \hbox (9.61269pt too wide) in paragraph at lines 416--416
[]|\OT1/pplx/m/n/10 Calgary| 
 []


Overfull \hbox (11.97177pt too wide) in paragraph at lines 416--416
[]|\OT1/pplx/m/n/10 Winnipeg| 
 []


Overfull \hbox (11.21178pt too wide) in paragraph at lines 416--416
[]|\OT1/pplx/m/n/10 Hamilton| 
 []


Overfull \hbox (6.07718pt too wide) in paragraph at lines 416--416
[]|\OT1/pplx/m/n/10 Toronto| 
 []


Overfull \hbox (6.43266pt too wide) in paragraph at lines 416--416
[]|\OT1/pplx/m/n/10 Ottawa| 
 []


Overfull \hbox (12.14722pt too wide) in paragraph at lines 416--416
[]|\OT1/pplx/m/n/10 Montreal| 
 []


Overfull \hbox (4.98723pt too wide) in paragraph at lines 416--416
[]|\OT1/pplx/m/n/10 Quebec| 
 []

[84] [85] [86] [87] [88] [89]
<figures/E_mini_2.png, id=2275, 469.755pt x 505.89pt>
File: figures/E_mini_2.png Graphic file (type png)
<use figures/E_mini_2.png>
Package pdftex.def Info: figures/E_mini_2.png  used on input line 540.
(pdftex.def)             Requested size: 433.62pt x 466.976pt.
<figures/E_mini_1.png, id=2276, 469.755pt x 650.43pt>
File: figures/E_mini_1.png Graphic file (type png)
<use figures/E_mini_1.png>
Package pdftex.def Info: figures/E_mini_1.png  used on input line 550.
(pdftex.def)             Requested size: 433.62pt x 600.39774pt.
 [90 <./figures/E_mini_2.png>]
Overfull \vbox (9.70273pt too high) has occurred while \output is active []


[91 <./figures/E_mini_1.png>]
Overfull \hbox (17.11253pt too wide) in paragraph at lines 574--591
 [][] 
 []

) [92]
Chapter 5.
(./chapters/5_lowinctra.tex [93

]
Overfull \hbox (7.59132pt too wide) in paragraph at lines 17--18
\OT1/pplx/m/n/10.95 income res-i-dents; but quan-ti-ta-tive stud-ies have mixed
 or in-con-clu-sive re-sults about whether
 []


Overfull \hbox (16.38036pt too wide) in paragraph at lines 17--18
\OT1/pplx/m/n/10.95 low-income res-i-dents move dis-pro-por-tion-ately out of g
en-tri-fy-ing neigh-bour-hoods or whether
 []

[94] [95] [96] [97] [98] [99] [100]
<figures/study_area_map.png, id=2545, 505.89pt x 234.8775pt>
File: figures/study_area_map.png Graphic file (type png)
<use figures/study_area_map.png>
Package pdftex.def Info: figures/study_area_map.png  used on input line 51.
(pdftex.def)             Requested size: 433.62001pt x 201.32768pt.
 [101 <./figures/study_area_map.png>]
Overfull \hbox (13.50626pt too wide) in paragraph at lines 67--68
[]\OT1/pplx/m/n/10.95 Place-based mea-sures of po-ten-tial ac-ces-si-bil-ity, o
rig-i-nally for-mal-ized by Hansen [][][]Hansen[][],
 []

[102] [103]
<figures/acces_mapas.png, id=2597, 505.89pt x 469.755pt>
File: figures/acces_mapas.png Graphic file (type png)
<use figures/acces_mapas.png>
Package pdftex.def Info: figures/acces_mapas.png  used on input line 80.
(pdftex.def)             Requested size: 433.62001pt x 402.65538pt.
 [104 <./figures/acces_mapas.png>]
<figures/4plots.png, id=2605, 469.755pt x 325.215pt>
File: figures/4plots.png Graphic file (type png)
<use figures/4plots.png>
Package pdftex.def Info: figures/4plots.png  used on input line 92.
(pdftex.def)             Requested size: 433.62001pt x 300.19887pt.
 [105 <./figures/4plots.png>]
[106] [107]
<figures/2smooth.png, id=2647, 469.755pt x 216.81pt>
File: figures/2smooth.png Graphic file (type png)
<use figures/2smooth.png>
Package pdftex.def Info: figures/2smooth.png  used on input line 172.
(pdftex.def)             Requested size: 433.62001pt x 200.13257pt.
 [108] [109 <./figures/2smooth.png>] [110]
Overfull \vbox (18.90497pt too high) has occurred while \output is active []


[111] [112]
<figures/res_acc_inc_bars.png, id=2684, 469.755pt x 216.81pt>
File: figures/res_acc_inc_bars.png Graphic file (type png)
<use figures/res_acc_inc_bars.png>
Package pdftex.def Info: figures/res_acc_inc_bars.png  used on input line 314.
(pdftex.def)             Requested size: 433.62001pt x 200.13257pt.
 [113 <./figures/res_acc_inc_bars.png>] [114]) [115]
Chapter 6.
(./chapters/6_conclusion.tex [116

] [117] [118] [119] [120] [121] [122]
Overfull \hbox (6.99106pt too wide) in paragraph at lines 67--68
[]\OT1/pplx/m/n/10.95 These prob-lems also high-light the need in the fu-ture f
or individual-level linked datasets,
 []

[123] [124] [125] [126] [127]) (./dissertation.bbl [128] [129

] [130] [131]
[132] [133] [134] [135] [136]
Underfull \hbox (badness 10000) in paragraph at lines 2648--2660
[]\OT1/pplx/m/n/10.95 Government of Canada, S. C.  (2016).  \OT1/pplx/m/it/10.9
5 2016 Cen-sus of Pop-u-la-tion.
 []


Overfull \hbox (53.98268pt too wide) in paragraph at lines 2672--2684
\OT1/pplx/m/it/10.95 (LAD).  \OT1/pplx/m/n/10.95 https://www23.statcan.gc.ca/im
db/p2SV.pl?Function=getSurvey&SDDS=4107&dis=1.
 []


Underfull \hbox (badness 10000) in paragraph at lines 2672--2684

 []

[137] [138] [139] [140] [141] [142] [143] [144] [145] [146]
Underfull \hbox (badness 2088) in paragraph at lines 5662--5676
[]\OT1/pplx/m/n/10.95 Statistics Canada, G. o. C.  (2016, Novem-ber).  \OT1/ppl
x/m/it/10.95 Dic-tio-nary, Cen-sus of Pop-u-la-
 []


Underfull \hbox (badness 5091) in paragraph at lines 5662--5676
\OT1/pplx/m/it/10.95 tion, 2016 Cen-sus metropoli-tan area (CMA) and cen-sus ag
-glom-er-a-tion (CA).
 []


Underfull \hbox (badness 10000) in paragraph at lines 5662--5676
\OT1/pplx/m/n/10.95 https://www12.statcan.gc.ca/census-recensement/2016/ref/dic
t/geo009-
 []


Underfull \hbox (badness 6063) in paragraph at lines 5688--5700
[]\OT1/pplx/m/n/10.95 Statistics Canada, G. o. C.  (2020, April).  \OT1/pplx/m/
it/10.95 Prox-im-ity Mea-sures Database.
 []

[147] [148] [149])
Package atveryend Info: Empty hook `BeforeClearDocument' on input line 221.
 [150]
Package atveryend Info: Empty hook `AfterLastShipout' on input line 221.
 (./dissertation.aux)
Package atveryend Info: Executing hook `AtVeryEndDocument' on input line 221.
Package atveryend Info: Executing hook `AtEndAfterFileList' on input line 221.
Package rerunfilecheck Info: File `dissertation.out' has not changed.
(rerunfilecheck)             Checksum: BB1E56CAEC22BAE83144624BC30DAB20;3924.
 ) 
Here is how much of TeX's memory you used:
 13428 strings out of 483183
 215539 string characters out of 5966291
 546508 words of memory out of 5000000
 27583 multiletter control sequences out of 15000+600000
 574072 words of font info for 123 fonts, out of 8000000 for 9000
 14 hyphenation exceptions out of 8191
 57i,12n,106p,2564b,522s stack positions out of 5000i,500n,10000p,200000b,80000s
{/usr/share/texlive/texmf-dist/fonts/enc/dvips/base/8r.enc}</usr/share/texliv
e/texmf-dist/fonts/type1/public/amsfonts/cm/cmex10.pfb></usr/share/texlive/texm
f-dist/fonts/type1/public/amsfonts/cm/cmmi10.pfb></usr/share/texlive/texmf-dist
/fonts/type1/public/amsfonts/cm/cmr10.pfb></usr/share/texlive/texmf-dist/fonts/
type1/public/amsfonts/cm/cmsy10.pfb></usr/share/texlive/texmf-dist/fonts/type1/
public/amsfonts/cm/cmtt10.pfb></usr/share/texlive/texmf-dist/fonts/type1/public
/mathpazo/fplmr.pfb></usr/share/texlive/texmf-dist/fonts/type1/public/mathpazo/
fplmri.pfb></usr/share/texlive/texmf-dist/fonts/type1/public/fpl/fplrc8a.pfb></
usr/share/texlive/texmf-dist/fonts/type1/urw/palatino/uplb8a.pfb></usr/share/te
xlive/texmf-dist/fonts/type1/urw/palatino/uplbi8a.pfb></usr/share/texlive/texmf
-dist/fonts/type1/urw/palatino/uplr8a.pfb></usr/share/texlive/texmf-dist/fonts/
type1/urw/palatino/uplri8a.pfb>
Output written on dissertation.pdf (161 pages, 15387429 bytes).
PDF statistics:
 3243 PDF objects out of 3580 (max. 8388607)
 3002 compressed objects within 31 object streams
 517 named destinations out of 1000 (max. 500000)
 542 words of extra memory for PDF output out of 10000 (max. 10000000)

